Change Component Designator: Old Designator=BEEP? New Designator=BEEP1
Change Component Designator: Old Designator=BMP280 New Designator=BMP1
Change Component Designator: Old Designator=C30 New Designator=C40
Change Component Designator: Old Designator=C33 New Designator=C41
Change Component Designator: Old Designator=C? New Designator=C36
Change Component Designator: Old Designator=C? New Designator=C37
Change Component Designator: Old Designator=C? New Designator=C38
Change Component Designator: Old Designator=C? New Designator=C39
Change Component Designator: Old Designator=CAN? New Designator=CAN1
Change Component Designator: Old Designator=DS? New Designator=DS3
Change Component Designator: Old Designator=KEY? New Designator=KEY1
Change Component Designator: Old Designator=KEY? New Designator=KEY2
Change Component Designator: Old Designator=Q? New Designator=Q1
Change Component Designator: Old Designator=R? New Designator=R49
Change Component Designator: Old Designator=R? New Designator=R50
Change Component Designator: Old Designator=R? New Designator=R51
Change Component Designator: Old Designator=R? New Designator=R52
Change Component Designator: Old Designator=R? New Designator=R53
Change Component Designator: Old Designator=U? New Designator=U10
Change Component Designator: Old Designator=U? New Designator=U11
