Removed Pin From Net: NetName=VBTN Pin=C?-1
Removed Pin From Net: NetName=VDD_COIN_3V Pin=C?-2
Removed Pin From Net: NetName=PMIC_ON_REQ Pin=I.MX6UL_CORE?-J1_41
Removed Pin From Net: NetName=VBTN Pin=K?-2
Removed Pin From Net: NetName=NetD?_2 Pin=K?-3
Removed Pin From Net: NetName=VBTN Pin=R?-1
Removed Pin From Net: NetName=PMIC_ON_REQ Pin=R?-2
Removed Pin From Net: NetName=DCDC_5V Pin=U?-3
Removed Pin From Net: NetName=NetR?_2 Pin=U?-4
Removed Pin From Net: NetName=NetR?_1 Pin=U?-5
Change Component Designator: OldDesignator=BAT1 NewDesignator=BAT?
Change Component Designator: OldDesignator=C1 NewDesignator=C?
Change Component Designator: OldDesignator=C2 NewDesignator=C?
Change Component Designator: OldDesignator=C3 NewDesignator=C?
Change Component Designator: OldDesignator=C4 NewDesignator=C?
Change Component Designator: OldDesignator=C5 NewDesignator=C?
Change Component Designator: OldDesignator=C6 NewDesignator=C?
Change Component Designator: OldDesignator=D1 NewDesignator=D?
Change Component Designator: OldDesignator=I.MX6UL_CORE? NewDesignator=I.MX?
Change Component Designator: OldDesignator=L2 NewDesignator=L?
Change Component Designator: OldDesignator=R1 NewDesignator=R?
Change Component Designator: OldDesignator=R2 NewDesignator=R?
Change Component Designator: OldDesignator=R3 NewDesignator=R?
Change Component Designator: OldDesignator=R4 NewDesignator=R?
Change Component Designator: OldDesignator=R5 NewDesignator=R?
Change Component Designator: OldDesignator=U1 NewDesignator=U?
Added Pin To Net: NetName=DCDC_3V3 Pin=C?-1
Added Pin To Net: NetName=DCDC_3V3 Pin=C?-1
Added Pin To Net: NetName=GND Pin=C?-1
Added Pin To Net: NetName=GND Pin=C?-1
Added Pin To Net: NetName=GND Pin=C?-1
Added Pin To Net: NetName=GND Pin=C?-1
Added Pin To Net: NetName=GND Pin=C?-1
Added Pin To Net: NetName=GND Pin=C?-1
Added Pin To Net: NetName=GND Pin=C?-1
Added Pin To Net: NetName=NetC?_1 Pin=C?-1
Added Pin To Net: NetName=VBTN Pin=C?-1
Added Pin To Net: NetName=VBTN Pin=C?-1
Added Pin To Net: NetName=DCDC_3V3 Pin=C?-2
Added Pin To Net: NetName=DCDC_5V Pin=C?-2
Added Pin To Net: NetName=DCDC_5V Pin=C?-2
Added Pin To Net: NetName=GND Pin=C?-2
Added Pin To Net: NetName=GND Pin=C?-2
Added Pin To Net: NetName=NetC?_2 Pin=C?-2
Added Pin To Net: NetName=NetC?_2 Pin=C?-2
Added Pin To Net: NetName=VBTN Pin=C?-2
Added Pin To Net: NetName=VDD_COIN_3V Pin=C?-2
Added Pin To Net: NetName=8V4+ Pin=D?-1
Added Pin To Net: NetName=GND Pin=D?-1
Added Pin To Net: NetName=GND Pin=D?-1
Added Pin To Net: NetName=DCDC_3V3 Pin=D?-2
Added Pin To Net: NetName=DCDC_5V Pin=D?-2
Added Pin To Net: NetName=DCDC_5V Pin=DS?-1
Added Pin To Net: NetName=GND Pin=DS?-2
Added Pin To Net: NetName=NetD?_2 Pin=K?-1
Added Pin To Net: NetName=NetC?_2 Pin=K?-2
Added Pin To Net: NetName=VBTN Pin=K?-2
Added Pin To Net: NetName=DCDC_5V Pin=K?-3
Added Pin To Net: NetName=DCDC_3V3 Pin=L?-2
Added Pin To Net: NetName=DCDC_3V3 Pin=R?-1
Added Pin To Net: NetName=GND Pin=R?-1
Added Pin To Net: NetName=GND Pin=R?-1
Added Pin To Net: NetName=NetC?_2 Pin=R?-1
Added Pin To Net: NetName=NetR?_1 Pin=R?-1
Added Pin To Net: NetName=VBTN Pin=R?-1
Added Pin To Net: NetName=NetR?_2 Pin=R?-2
Added Pin To Net: NetName=PMIC_ON_REQ Pin=R?-2
Added Pin To Net: NetName=GND Pin=U?-1
Added Pin To Net: NetName=DCDC_5V Pin=U?-3
Added Pin To Net: NetName=NetC?_2 Pin=U?-3
Added Pin To Net: NetName=NetR?_1 Pin=U?-5
Added Pin To Net: NetName=NetR?_2 Pin=U?-5
Change Net Name : Old Net Name=NetC2_2 New Net Name=NetC?_2
Change Net Name : Old Net Name=NetC3_2 New Net Name=NetC?_2
Change Net Name : Old Net Name=NetD1_1 New Net Name=NetD?_1
Change Net Name : Old Net Name=NetR3_1 New Net Name=NetR?_1
Change Net Name : Old Net Name=NetR5_2 New Net Name=NetR?_2
Added Member To Class: ClassName=POWER Member=Component C? 104
Added Member To Class: ClassName=POWER Member=Component C? Cap Pol1
Added Member To Class: ClassName=POWER Member=Component C? 104
Added Member To Class: ClassName=POWER Member=Component C? 104
Added Member To Class: ClassName=POWER Member=Component C? 103
Added Member To Class: ClassName=POWER Member=Component C? 104
Added Member To Class: ClassName=POWER Member=Component C? Cap Pol1
Added Member To Class: ClassName=POWER Member=Component C? 104
Added Member To Class: ClassName=POWER Member=Component C? 103
Added Member To Class: ClassName=POWER Member=Component C? 22UF
Added Member To Class: ClassName=POWER Member=Component C? 104
Added Member To Class: ClassName=POWER Member=Component C? 104
Added Member To Class: ClassName=POWER Member=Component D? SMBJ3.3A
Added Member To Class: ClassName=POWER Member=Component D? SMBJ5.0A
Added Member To Class: ClassName=POWER Member=Component D? SS34
Added Member To Class: ClassName=POWER Member=Component DS? RED
Added Member To Class: ClassName=POWER Member=Component K? BUTTON
Added Member To Class: ClassName=POWER Member=Component L? 4.7uH
Added Member To Class: ClassName=POWER Member=Component R? 1K
Added Member To Class: ClassName=POWER Member=Component R? 49.9k
Added Member To Class: ClassName=POWER Member=Component R? 15K
Added Member To Class: ClassName=POWER Member=Component R? 1K
Added Member To Class: ClassName=POWER Member=Component R? 84.5k
Added Member To Class: ClassName=POWER Member=Component R? 15K
Added Member To Class: ClassName=POWER Member=Component R? 100K
Added Member To Class: ClassName=POWER Member=Component U? DC JW5060T_6
Added Room: Name=CORE
Added Room: Name=POWER
