#
# A fatal error has been detected by the Java Runtime Environment:
#
#  EXCEPTION_ACCESS_VIOLATION (0xc0000005) at pc=0x59b101f7, pid=11320, tid=0x00002660
#
# JRE version: Java(TM) SE Runtime Environment (8.0_191-b12) (build 1.8.0_191-b12)
# Java VM: Java HotSpot(TM) Client VM (25.191-b12 mixed mode windows-x86 )
# Problematic frame:
# V  [jvm.dll+0x1501f7]
#
# Failed to write core dump. Minidumps are not enabled by default on client versions of Windows
#
# If you would like to submit a bug report, please visit:
#   http://bugreport.java.com/bugreport/crash.jsp
#

---------------  T H R E A D  ---------------

Current thread (0x02c9e000):  VMThread [stack: 0x25e60000,0x25eb0000] [id=9824]

siginfo: ExceptionCode=0xc0000005, reading address 0x2627563c

Registers:
EAX=0x26275630, EBX=0x00000015, ECX=0x26e74640, EDX=0x26275630
ESP=0x25eaf9e4, EBP=0x25eaf9e8, ESI=0x00000010, EDI=0x26e76368
EIP=0x59b101f7, EFLAGS=0x00010293

Top of Stack: (sp=0x25eaf9e4)
0x25eaf9e4:   00000010 25eafa00 59a77c2e 26275630
0x25eaf9f4:   00000001 0000002b 00000000 25eafa1c
0x25eafa04:   59b1028b 59b101f0 00000000 99999999
0x25eafa14:   405ab999 0000002b 25eafa2c 59b102e3
0x25eafa24:   25eafa5c 00000000 25eafa5c 59b2bb8c
0x25eafa34:   59b70100 25eafa48 00000000 00000000
0x25eafa44:   25eafa5c e2864384 00000000 25eafa90
0x25eafa54:   59b40008 00000000 25eafa90 59b2cecd 

Instructions: (pc=0x59b101f7)
0x59b101d7:   83 f8 02 77 07 8b 41 04 5d c2 04 00 33 c0 5d c2
0x59b101e7:   04 00 cc cc cc cc cc cc cc 55 8b ec 8b 45 08 56
0x59b101f7:   8b 70 0c 85 f6 74 27 8b 56 08 8b c2 c1 e8 03 8b
0x59b10207:   c8 d1 f9 85 c0 7e 09 85 c9 75 05 b9 01 00 00 00 


Register to memory mapping:

EAX=0x26275630 is pointing into the stack for thread: 0x25f15800
EBX=0x00000015 is an unknown value
ECX=0x26e74640 is pointing into metadata
EDX=0x26275630 is pointing into the stack for thread: 0x25f15800
ESP=0x25eaf9e4 is an unknown value
EBP=0x25eaf9e8 is an unknown value
ESI=0x00000010 is an unknown value
EDI=0x26e76368 is pointing into metadata


Stack: [0x25e60000,0x25eb0000],  sp=0x25eaf9e4,  free space=318k
Native frames: (J=compiled Java code, j=interpreted, Vv=VM code, C=native code)
V  [jvm.dll+0x1501f7]
V  [jvm.dll+0xb7c2e]
V  [jvm.dll+0x15028b]
V  [jvm.dll+0x1502e3]
V  [jvm.dll+0x16bb8c]
V  [jvm.dll+0x16cecd]
V  [jvm.dll+0x1844d1]
V  [jvm.dll+0x184832]
V  [jvm.dll+0x1c57a6]
C  [msvcr100.dll+0x5c556]
C  [msvcr100.dll+0x5c600]
C  [KERNEL32.DLL+0x16359]
C  [ntdll.dll+0x68944]
C  [ntdll.dll+0x68914]


---------------  P R O C E S S  ---------------

Java Threads: ( => current thread )
  0x29275c00 JavaThread "MessageSiphon" [_thread_in_native, id=9888, stack(0x04fd0000,0x05020000)]
  0x29272c00 JavaThread "MessageSiphon" [_thread_in_native, id=9736, stack(0x02ce0000,0x02d30000)]
  0x2926f800 JavaThread "Thread-39" [_thread_blocked, id=14332, stack(0x02af0000,0x02b40000)]
  0x29276400 JavaThread "Thread-38" [_thread_blocked, id=9552, stack(0x00ee0000,0x00f30000)]
  0x29273800 JavaThread "DestroyJavaVM" [_thread_blocked, id=11420, stack(0x02d40000,0x02d90000)]
  0x278c0400 JavaThread "TimerQueue" daemon [_thread_blocked, id=4392, stack(0x2a7b0000,0x2a800000)]
  0x278bf800 JavaThread "AWT-EventQueue-0" [_thread_blocked, id=1540, stack(0x2a250000,0x2a2a0000)]
  0x278bf400 JavaThread "AWT-Shutdown" [_thread_blocked, id=1132, stack(0x2a1c0000,0x2a210000)]
  0x278c0c00 JavaThread "Batik CleanerThread" daemon [_thread_blocked, id=4492, stack(0x28220000,0x28270000)]
  0x278be800 JavaThread "JmDNS(DESKTOP-DHISH81.local.).State.Timer" [_thread_blocked, id=4076, stack(0x28b50000,0x28ba0000)]
  0x278bec00 JavaThread "JmDNS(DESKTOP-DHISH81.local.).Timer" daemon [_thread_blocked, id=7724, stack(0x28ac0000,0x28b10000)]
  0x278bd400 JavaThread "SocketListener(DESKTOP-DHISH81.local.)" daemon [_thread_in_native, id=3464, stack(0x28a30000,0x28a80000)]
  0x278b8000 JavaThread "JmDNS(windows10-microdone-cn.local.).State.Timer" [_thread_blocked, id=1936, stack(0x28780000,0x287d0000)]
  0x278b5800 JavaThread "JmDNS(windows10-microdone-cn.local.).Timer" daemon [_thread_blocked, id=2772, stack(0x286f0000,0x28740000)]
  0x278b5400 JavaThread "SocketListener(windows10-microdone-cn.local.)" daemon [_thread_in_native, id=2864, stack(0x28660000,0x286b0000)]
  0x27770c00 JavaThread "Multihomed mDNS.Timer" daemon [_thread_blocked, id=3896, stack(0x26b80000,0x26bd0000)]
  0x27770400 JavaThread "cc.arduino.packages.discoverers.serial.SerialDiscovery" [_thread_blocked, id=7636, stack(0x282f0000,0x28340000)]
  0x267db400 JavaThread "AWT-Windows" daemon [_thread_in_native, id=10276, stack(0x26c10000,0x26c60000)]
  0x26785000 JavaThread "Java2D Disposer" daemon [_thread_blocked, id=1984, stack(0x26af0000,0x26b40000)]
  0x25f1cc00 JavaThread "Service Thread" daemon [_thread_blocked, id=2120, stack(0x26420000,0x26470000)]
  0x25eea400 JavaThread "C1 CompilerThread0" daemon [_thread_blocked, id=9656, stack(0x26390000,0x263e0000)]
  0x25f16800 JavaThread "Attach Listener" daemon [_thread_blocked, id=11048, stack(0x26300000,0x26350000)]
  0x25f15800 JavaThread "Signal Dispatcher" daemon [_thread_blocked, id=10480, stack(0x26270000,0x262c0000)]
  0x25ecac00 JavaThread "Finalizer" daemon [_thread_blocked, id=10036, stack(0x26180000,0x261d0000)]
  0x25ec4c00 JavaThread "Reference Handler" daemon [_thread_blocked, id=10316, stack(0x260f0000,0x26140000)]

Other Threads:
=>0x02c9e000 VMThread [stack: 0x25e60000,0x25eb0000] [id=9824]
  0x25f1fc00 WatcherThread [stack: 0x264b0000,0x26500000] [id=2172]

VM state:at safepoint (normal execution)

VM Mutex/Monitor currently owned by a thread:  ([mutex/lock_event])
[0x00d0c6d0] Safepoint_lock - owner thread: 0x02c9e000
[0x00d0d490] Threads_lock - owner thread: 0x02c9e000

Heap:
 def new generation   total 45568K, used 11651K [0x05200000, 0x08370000, 0x0fca0000)
  eden space 40512K,  25% used [0x05200000, 0x05c03670, 0x07990000)
  from space 5056K,  27% used [0x07e80000, 0x07fdd5d0, 0x08370000)
  to   space 5056K,   0% used [0x07990000, 0x07990000, 0x07e80000)
 tenured generation   total 101140K, used 93180K [0x0fca0000, 0x15f65000, 0x25200000)
   the space 101140K,  92% used [0x0fca0000, 0x1579f2f8, 0x1579f400, 0x15f65000)
 Metaspace       used 20948K, capacity 21615K, committed 21632K, reserved 21888K

Card table byte_map: [0x05030000,0x05140000] byte_map_base: 0x05007000

Polling page: 0x00fb0000

CodeCache: size=32768Kb used=2735Kb max_used=5194Kb free=30032Kb
 bounds [0x02f90000, 0x034a8000, 0x04f90000]
 total_blobs=1634 nmethods=1356 adapters=207
 compilation: enabled

Compilation events (10 events):
Event: 1495.142 Thread 0x25eea400 4217             cc.arduino.Compiler$$Lambda$151/20243501::message (13 bytes)
Event: 1495.143 Thread 0x25eea400 nmethod 4217 0x034950c8 code [0x034951f0, 0x03495374]
Event: 1495.147 Thread 0x25eea400 4218   !         cc.arduino.Compiler::callArduinoBuilder (829 bytes)
Event: 1495.160 Thread 0x25eea400 nmethod 4218 0x03176ec8 code [0x03177af0, 0x0317c4e0]
Event: 1498.810 Thread 0x25eea400 4219             java.lang.CharacterData::of (120 bytes)
Event: 1498.811 Thread 0x25eea400 nmethod 4219 0x03496908 code [0x03496a40, 0x03496d40]
Event: 1498.811 Thread 0x25eea400 4220             java.lang.CharacterDataLatin1::getProperties (11 bytes)
Event: 1498.811 Thread 0x25eea400 nmethod 4220 0x03176c88 code [0x03176d80, 0x03176e20]
Event: 1498.812 Thread 0x25eea400 4221             java.lang.CharacterDataLatin1::toLowerCase (39 bytes)
Event: 1498.812 Thread 0x25eea400 nmethod 4221 0x03499b48 code [0x03499c40, 0x03499d20]

GC Heap History (10 events):
Event: 76.569 GC heap before
{Heap before GC invocations=15 (full 2):
 def new generation   total 45568K, used 40512K [0x05200000, 0x08370000, 0x0fca0000)
  eden space 40512K, 100% used [0x05200000, 0x07990000, 0x07990000)
  from space 5056K,   0% used [0x07990000, 0x07990000, 0x07e80000)
  to   space 5056K,   0% used [0x07e80000, 0x07e80000, 0x08370000)
 tenured generation   total 101140K, used 60683K [0x0fca0000, 0x15f65000, 0x25200000)
   the space 101140K,  59% used [0x0fca0000, 0x137e2c30, 0x137e2e00, 0x15f65000)
 Metaspace       used 20393K, capacity 21051K, committed 21120K, reserved 21888K
Event: 76.611 GC heap after
Heap after GC invocations=16 (full 2):
 def new generation   total 45568K, used 5056K [0x05200000, 0x08370000, 0x0fca0000)
  eden space 40512K,   0% used [0x05200000, 0x05200000, 0x07990000)
  from space 5056K, 100% used [0x07e80000, 0x08370000, 0x08370000)
  to   space 5056K,   0% used [0x07990000, 0x07990000, 0x07e80000)
 tenured generation   total 101140K, used 78950K [0x0fca0000, 0x15f65000, 0x25200000)
   the space 101140K,  78% used [0x0fca0000, 0x149b9920, 0x149b9a00, 0x15f65000)
 Metaspace       used 20393K, capacity 21051K, committed 21120K, reserved 21888K
}
Event: 180.539 GC heap before
{Heap before GC invocations=16 (full 2):
 def new generation   total 45568K, used 45568K [0x05200000, 0x08370000, 0x0fca0000)
  eden space 40512K, 100% used [0x05200000, 0x07990000, 0x07990000)
  from space 5056K, 100% used [0x07e80000, 0x08370000, 0x08370000)
  to   space 5056K,   0% used [0x07990000, 0x07990000, 0x07e80000)
 tenured generation   total 101140K, used 78950K [0x0fca0000, 0x15f65000, 0x25200000)
   the space 101140K,  78% used [0x0fca0000, 0x149b9920, 0x149b9a00, 0x15f65000)
 Metaspace       used 20825K, capacity 21477K, committed 21504K, reserved 21888K
Event: 180.566 GC heap after
Heap after GC invocations=17 (full 2):
 def new generation   total 45568K, used 5056K [0x05200000, 0x08370000, 0x0fca0000)
  eden space 40512K,   0% used [0x05200000, 0x05200000, 0x07990000)
  from space 5056K, 100% used [0x07990000, 0x07e80000, 0x07e80000)
  to   space 5056K,   0% used [0x07e80000, 0x07e80000, 0x08370000)
 tenured generation   total 101140K, used 88276K [0x0fca0000, 0x15f65000, 0x25200000)
   the space 101140K,  87% used [0x0fca0000, 0x152d5350, 0x152d5400, 0x15f65000)
 Metaspace       used 20825K, capacity 21477K, committed 21504K, reserved 21888K
}
Event: 361.593 GC heap before
{Heap before GC invocations=17 (full 2):
 def new generation   total 45568K, used 45568K [0x05200000, 0x08370000, 0x0fca0000)
  eden space 40512K, 100% used [0x05200000, 0x07990000, 0x07990000)
  from space 5056K, 100% used [0x07990000, 0x07e80000, 0x07e80000)
  to   space 5056K,   0% used [0x07e80000, 0x07e80000, 0x08370000)
 tenured generation   total 101140K, used 88276K [0x0fca0000, 0x15f65000, 0x25200000)
   the space 101140K,  87% used [0x0fca0000, 0x152d5350, 0x152d5400, 0x15f65000)
 Metaspace       used 20877K, capacity 21546K, committed 21632K, reserved 21888K
Event: 361.603 GC heap after
Heap after GC invocations=18 (full 2):
 def new generation   total 45568K, used 651K [0x05200000, 0x08370000, 0x0fca0000)
  eden space 40512K,   0% used [0x05200000, 0x05200000, 0x07990000)
  from space 5056K,  12% used [0x07e80000, 0x07f22dd0, 0x08370000)
  to   space 5056K,   0% used [0x07990000, 0x07990000, 0x07e80000)
 tenured generation   total 101140K, used 93180K [0x0fca0000, 0x15f65000, 0x25200000)
   the space 101140K,  92% used [0x0fca0000, 0x1579f2f8, 0x1579f400, 0x15f65000)
 Metaspace       used 20877K, capacity 21546K, committed 21632K, reserved 21888K
}
Event: 1027.298 GC heap before
{Heap before GC invocations=18 (full 2):
 def new generation   total 45568K, used 41163K [0x05200000, 0x08370000, 0x0fca0000)
  eden space 40512K, 100% used [0x05200000, 0x07990000, 0x07990000)
  from space 5056K,  12% used [0x07e80000, 0x07f22dd0, 0x08370000)
  to   space 5056K,   0% used [0x07990000, 0x07990000, 0x07e80000)
 tenured generation   total 101140K, used 93180K [0x0fca0000, 0x15f65000, 0x25200000)
   the space 101140K,  92% used [0x0fca0000, 0x1579f2f8, 0x1579f400, 0x15f65000)
 Metaspace       used 20947K, capacity 21615K, committed 21632K, reserved 21888K
Event: 1027.302 GC heap after
Heap after GC invocations=19 (full 2):
 def new generation   total 45568K, used 1167K [0x05200000, 0x08370000, 0x0fca0000)
  eden space 40512K,   0% used [0x05200000, 0x05200000, 0x07990000)
  from space 5056K,  23% used [0x07990000, 0x07ab3e28, 0x07e80000)
  to   space 5056K,   0% used [0x07e80000, 0x07e80000, 0x08370000)
 tenured generation   total 101140K, used 93180K [0x0fca0000, 0x15f65000, 0x25200000)
   the space 101140K,  92% used [0x0fca0000, 0x1579f2f8, 0x1579f400, 0x15f65000)
 Metaspace       used 20947K, capacity 21615K, committed 21632K, reserved 21888K
}
Event: 1463.521 GC heap before
{Heap before GC invocations=19 (full 2):
 def new generation   total 45568K, used 41679K [0x05200000, 0x08370000, 0x0fca0000)
  eden space 40512K, 100% used [0x05200000, 0x07990000, 0x07990000)
  from space 5056K,  23% used [0x07990000, 0x07ab3e28, 0x07e80000)
  to   space 5056K,   0% used [0x07e80000, 0x07e80000, 0x08370000)
 tenured generation   total 101140K, used 93180K [0x0fca0000, 0x15f65000, 0x25200000)
   the space 101140K,  92% used [0x0fca0000, 0x1579f2f8, 0x1579f400, 0x15f65000)
 Metaspace       used 20947K, capacity 21615K, committed 21632K, reserved 21888K
Event: 1463.525 GC heap after
Heap after GC invocations=20 (full 2):
 def new generation   total 45568K, used 1397K [0x05200000, 0x08370000, 0x0fca0000)
  eden space 40512K,   0% used [0x05200000, 0x05200000, 0x07990000)
  from space 5056K,  27% used [0x07e80000, 0x07fdd5d0, 0x08370000)
  to   space 5056K,   0% used [0x07990000, 0x07990000, 0x07e80000)
 tenured generation   total 101140K, used 93180K [0x0fca0000, 0x15f65000, 0x25200000)
   the space 101140K,  92% used [0x0fca0000, 0x1579f2f8, 0x1579f400, 0x15f65000)
 Metaspace       used 20947K, capacity 21615K, committed 21632K, reserved 21888K
}

Deoptimization events (0 events):
No events

Classes redefined (0 events):
No events

Internal exceptions (10 events):
Event: 1174.084 Thread 0x29276400 Exception <a 'sun/nio/fs/WindowsException'> (0x07166268) thrown at [C:\workspace\8-2-build-windows-i586-cygwin\jdk8u191\11896\hotspot\src\share\vm\prims\jni.cpp, line 709]
Event: 1174.084 Thread 0x29276400 Exception <a 'sun/nio/fs/WindowsException'> (0x07166848) thrown at [C:\workspace\8-2-build-windows-i586-cygwin\jdk8u191\11896\hotspot\src\share\vm\prims\jni.cpp, line 709]
Event: 1174.085 Thread 0x29276400 Exception <a 'sun/nio/fs/WindowsException'> (0x07183500) thrown at [C:\workspace\8-2-build-windows-i586-cygwin\jdk8u191\11896\hotspot\src\share\vm\prims\jni.cpp, line 709]
Event: 1174.085 Thread 0x29276400 Exception <a 'sun/nio/fs/WindowsException'> (0x07183ab8) thrown at [C:\workspace\8-2-build-windows-i586-cygwin\jdk8u191\11896\hotspot\src\share\vm\prims\jni.cpp, line 709]
Event: 1174.088 Thread 0x29276400 Exception <a 'sun/nio/fs/WindowsException'> (0x071b90d0) thrown at [C:\workspace\8-2-build-windows-i586-cygwin\jdk8u191\11896\hotspot\src\share\vm\prims\jni.cpp, line 709]
Event: 1174.088 Thread 0x29276400 Exception <a 'sun/nio/fs/WindowsException'> (0x071b9610) thrown at [C:\workspace\8-2-build-windows-i586-cygwin\jdk8u191\11896\hotspot\src\share\vm\prims\jni.cpp, line 709]
Event: 1174.090 Thread 0x29276400 Exception <a 'sun/nio/fs/WindowsException'> (0x071d1178) thrown at [C:\workspace\8-2-build-windows-i586-cygwin\jdk8u191\11896\hotspot\src\share\vm\prims\jni.cpp, line 709]
Event: 1174.090 Thread 0x29276400 Exception <a 'sun/nio/fs/WindowsException'> (0x071d1720) thrown at [C:\workspace\8-2-build-windows-i586-cygwin\jdk8u191\11896\hotspot\src\share\vm\prims\jni.cpp, line 709]
Event: 1174.093 Thread 0x29276400 Exception <a 'sun/nio/fs/WindowsException'> (0x071dedd0) thrown at [C:\workspace\8-2-build-windows-i586-cygwin\jdk8u191\11896\hotspot\src\share\vm\prims\jni.cpp, line 709]
Event: 1174.093 Thread 0x29276400 Exception <a 'sun/nio/fs/WindowsException'> (0x071df3b0) thrown at [C:\workspace\8-2-build-windows-i586-cygwin\jdk8u191\11896\hotspot\src\share\vm\prims\jni.cpp, line 709]

Events (10 events):
Event: 1495.144 Thread 0x29274c00 Thread exited: 0x29274c00
Event: 1495.147 Executing VM operation: RevokeBias
Event: 1495.147 Executing VM operation: RevokeBias done
Event: 1495.204 Thread 0x29272c00 Thread added: 0x29272c00
Event: 1495.204 Thread 0x29275c00 Thread added: 0x29275c00
Event: 1498.812 Thread 0x25eea400 flushing nmethod 0x03498b08
Event: 1498.812 Thread 0x25eea400 flushing nmethod 0x03498cc8
Event: 1498.812 Thread 0x25eea400 flushing nmethod 0x03498ec8
Event: 1498.812 Thread 0x25eea400 flushing nmethod 0x034994c8
Event: 1498.812 Thread 0x25eea400 flushing nmethod 0x03499c08


Dynamic libraries:
0x006f0000 - 0x00723000 	D:\Arduino\java\bin\javaw.exe
0x774e0000 - 0x7767a000 	C:\WINDOWS\SYSTEM32\ntdll.dll
0x76a10000 - 0x76af0000 	C:\WINDOWS\System32\KERNEL32.DLL
0x75b70000 - 0x75d6f000 	C:\WINDOWS\System32\KERNELBASE.dll
0x76540000 - 0x765b9000 	C:\WINDOWS\System32\ADVAPI32.dll
0x75a70000 - 0x75b2f000 	C:\WINDOWS\System32\msvcrt.dll
0x76640000 - 0x766b6000 	C:\WINDOWS\System32\sechost.dll
0x74d00000 - 0x74dbb000 	C:\WINDOWS\System32\RPCRT4.dll
0x74cb0000 - 0x74cd5000 	C:\WINDOWS\System32\SspiCli.dll
0x74ca0000 - 0x74caa000 	C:\WINDOWS\System32\CRYPTBASE.dll
0x765c0000 - 0x76620000 	C:\WINDOWS\System32\bcryptPrimitives.dll
0x76790000 - 0x76928000 	C:\WINDOWS\System32\USER32.dll
0x76620000 - 0x76637000 	C:\WINDOWS\System32\win32u.dll
0x75a40000 - 0x75a61000 	C:\WINDOWS\System32\GDI32.dll
0x752a0000 - 0x753fd000 	C:\WINDOWS\System32\gdi32full.dll
0x76e60000 - 0x76edc000 	C:\WINDOWS\System32\msvcp_win.dll
0x76b90000 - 0x76cb0000 	C:\WINDOWS\System32\ucrtbase.dll
0x6d390000 - 0x6d59f000 	C:\WINDOWS\WinSxS\x86_microsoft.windows.common-controls_6595b64144ccf1df_6.0.18362.1379_none_e62d2a8af8d8e9ca\COMCTL32.dll
0x75400000 - 0x75676000 	C:\WINDOWS\System32\combase.dll
0x76500000 - 0x76525000 	C:\WINDOWS\System32\IMM32.DLL
0x59da0000 - 0x59e5f000 	D:\Arduino\java\bin\msvcr100.dll
0x599c0000 - 0x59d93000 	D:\Arduino\java\bin\client\jvm.dll
0x774b0000 - 0x774b6000 	C:\WINDOWS\System32\PSAPI.DLL
0x748e0000 - 0x748e8000 	C:\WINDOWS\SYSTEM32\VERSION.dll
0x73510000 - 0x73534000 	C:\WINDOWS\SYSTEM32\WINMM.dll
0x73490000 - 0x73498000 	C:\WINDOWS\SYSTEM32\WSOCK32.dll
0x76720000 - 0x7677e000 	C:\WINDOWS\System32\WS2_32.dll
0x73280000 - 0x732a3000 	C:\WINDOWS\SYSTEM32\WINMMBASE.dll
0x75790000 - 0x757cb000 	C:\WINDOWS\System32\cfgmgr32.dll
0x59990000 - 0x599c0000 	D:\Arduino\java\bin\splashscreen.dll
0x72f90000 - 0x7300a000 	C:\WINDOWS\system32\uxtheme.dll
0x59980000 - 0x5998c000 	D:\Arduino\java\bin\verify.dll
0x59950000 - 0x59972000 	D:\Arduino\java\bin\java.dll
0x75680000 - 0x75783000 	C:\WINDOWS\System32\MSCTF.dll
0x76af0000 - 0x76b82000 	C:\WINDOWS\System32\OLEAUT32.dll
0x59930000 - 0x59944000 	D:\Arduino\java\bin\zip.dll
0x76780000 - 0x7678f000 	C:\WINDOWS\System32\kernel.appcore.dll
0x5a680000 - 0x5a702000 	C:\WINDOWS\System32\TextInputFramework.dll
0x5a420000 - 0x5a67e000 	C:\WINDOWS\System32\CoreUIComponents.dll
0x5a390000 - 0x5a419000 	C:\WINDOWS\System32\CoreMessaging.dll
0x76980000 - 0x76a03000 	C:\WINDOWS\System32\SHCORE.dll
0x6fdb0000 - 0x6fe87000 	C:\WINDOWS\SYSTEM32\wintypes.dll
0x74500000 - 0x74529000 	C:\WINDOWS\SYSTEM32\ntmarta.dll
0x70020000 - 0x7024a000 	C:\WINDOWS\System32\iertutil.dll
0x75f60000 - 0x764db000 	C:\WINDOWS\System32\SHELL32.dll
0x76ef0000 - 0x774af000 	C:\WINDOWS\System32\windows.storage.dll
0x75b50000 - 0x75b6b000 	C:\WINDOWS\System32\profapi.dll
0x76d10000 - 0x76d53000 	C:\WINDOWS\System32\powrprof.dll
0x76530000 - 0x7653d000 	C:\WINDOWS\System32\UMPDC.dll
0x757d0000 - 0x75814000 	C:\WINDOWS\System32\shlwapi.dll
0x74ce0000 - 0x74cf3000 	C:\WINDOWS\System32\cryptsp.dll
0x61940000 - 0x619b3000 	D:\Arduino\lib\listSerialsj.dll
0x74dc0000 - 0x75209000 	C:\WINDOWS\System32\SETUPAPI.dll
0x764e0000 - 0x764f9000 	C:\WINDOWS\System32\bcrypt.dll
0x59910000 - 0x5992d000 	D:\Arduino\lib\jnidispatch-4.2.2-win32-x86.dll
0x76d60000 - 0x76e57000 	C:\WINDOWS\System32\Ole32.dll
0x598f0000 - 0x59905000 	D:\Arduino\java\bin\net.dll
0x72ef0000 - 0x72f42000 	C:\WINDOWS\system32\mswsock.dll
0x598e0000 - 0x598ef000 	D:\Arduino\java\bin\nio.dll
0x59790000 - 0x598d7000 	D:\Arduino\java\bin\awt.dll
0x69790000 - 0x6982f000 	C:\WINDOWS\SYSTEM32\apphelp.dll
0x72f50000 - 0x72f75000 	C:\WINDOWS\system32\DWMAPI.DLL
0x59750000 - 0x59789000 	D:\Arduino\java\bin\fontmanager.dll
0x59650000 - 0x5974f000 	C:\WINDOWS\system32\opengl32.dll
0x59610000 - 0x5964f000 	C:\WINDOWS\SYSTEM32\GLU32.dll
0x6cad0000 - 0x6cae9000 	C:\WINDOWS\SYSTEM32\dxcore.dll
0x595d0000 - 0x59602000 	D:\Arduino\java\bin\t2k.dll
0x741c0000 - 0x741e3000 	C:\WINDOWS\SYSTEM32\DEVOBJ.dll
0x76930000 - 0x76976000 	C:\WINDOWS\System32\WINTRUST.dll
0x774c0000 - 0x774ce000 	C:\WINDOWS\System32\MSASN1.dll
0x75820000 - 0x7591b000 	C:\WINDOWS\System32\CRYPT32.dll
0x74890000 - 0x748c2000 	C:\WINDOWS\SYSTEM32\IPHLPAPI.DLL
0x76ee0000 - 0x76ee7000 	C:\WINDOWS\System32\NSI.dll
0x6e0e0000 - 0x6e0f3000 	C:\WINDOWS\SYSTEM32\dhcpcsvc6.DLL
0x6e890000 - 0x6e8a5000 	C:\WINDOWS\SYSTEM32\dhcpcsvc.DLL
0x72df0000 - 0x72e83000 	C:\WINDOWS\SYSTEM32\DNSAPI.dll
0x73010000 - 0x730d6000 	C:\WINDOWS\System32\ierd_tgp_lsp.dll
0x72f80000 - 0x72f87000 	C:\WINDOWS\system32\wshqos.dll
0x72ee0000 - 0x72ee7000 	C:\WINDOWS\SYSTEM32\wshtcpip.DLL
0x72ed0000 - 0x72ed7000 	C:\WINDOWS\SYSTEM32\wship6.dll
0x71990000 - 0x71998000 	D:\BaiduNetdiskDownload\Shared\mDNS Responder\nimdnsNSP.dll
0x71950000 - 0x7195d000 	C:\WINDOWS\SYSTEM32\nimdnsResponder.dll
0x58ff0000 - 0x59004000 	D:\Arduino\java\bin\VCRUNTIME140.dll
0x71920000 - 0x71941000 	C:\Program Files (x86)\Bonjour\mdnsNSP.dll
0x71910000 - 0x71918000 	C:\Windows\System32\rasadhlp.dll
0x744a0000 - 0x744f1000 	C:\WINDOWS\System32\fwpuclnt.dll
0x58f80000 - 0x58fe9000 	D:\Arduino\msvcp100.dll
0x58ec0000 - 0x58f7e000 	D:\Arduino\msvcr100.dll
0x02d90000 - 0x02dc2000 	D:\Arduino\lib\AStylej.dll
0x58e90000 - 0x58eb4000 	D:\Arduino\java\bin\dcpr.dll
0x75d70000 - 0x75df0000 	C:\WINDOWS\System32\clbcatq.dll
0x5e6c0000 - 0x5e829000 	C:\WINDOWS\SYSTEM32\WindowsCodecs.dll
0x5c830000 - 0x5c861000 	C:\WINDOWS\system32\dataexchange.dll
0x5c4e0000 - 0x5c64a000 	C:\WINDOWS\system32\dcomp.dll
0x5c650000 - 0x5c82e000 	C:\WINDOWS\system32\d3d11.dll
0x5c410000 - 0x5c4d1000 	C:\WINDOWS\system32\dxgi.dll
0x6cd80000 - 0x6cf63000 	C:\WINDOWS\system32\twinapi.appcore.dll
0x6dc50000 - 0x6dc6f000 	C:\WINDOWS\system32\RMCLIENT.dll
0x58a90000 - 0x58ab0000 	D:\Arduino\java\bin\sunec.dll
0x71960000 - 0x7198f000 	C:\WINDOWS\system32\rsaenh.dll
0x746f0000 - 0x7470e000 	C:\WINDOWS\SYSTEM32\USERENV.dll
0x58e80000 - 0x58e89000 	D:\Arduino\java\bin\sunmscapi.dll
0x74310000 - 0x7449f000 	C:\WINDOWS\SYSTEM32\dbghelp.dll

VM Arguments:
jvm_args: -Dsun.java2d.d3d=false -Djna.nosys=true -Djna.nounpack=true -Djna.boot.library.name=jnidispatch-4.2.2-win32-x86 -Djna.boot.library.path=D:\Arduino/lib -Djssc.library.path=D:\Arduino/lib -DAPP_DIR=D:\Arduino -Xms128M -Xmx512M -Dfile.encoding=UTF8 
java_command: processing.app.Base C:\Users\lenovo\Desktop\毕设\开源代码\ESP8266\Arduino\Arduino.ino
java_class_path (initial): D:\Arduino\lib\apple.jar;D:\Arduino\lib\arduino-core.jar;D:\Arduino\lib\batik-1.8.jar;D:\Arduino\lib\batik-anim-1.8.jar;D:\Arduino\lib\batik-awt-util-1.8.jar;D:\Arduino\lib\batik-bridge-1.8.jar;D:\Arduino\lib\batik-codec-1.8.jar;D:\Arduino\lib\batik-css-1.8.jar;D:\Arduino\lib\batik-dom-1.8.jar;D:\Arduino\lib\batik-ext-1.8.jar;D:\Arduino\lib\batik-gvt-1.8.jar;D:\Arduino\lib\batik-parser-1.8.jar;D:\Arduino\lib\batik-rasterizer-1.8.jar;D:\Arduino\lib\batik-script-1.8.jar;D:\Arduino\lib\batik-squiggle-1.8.jar;D:\Arduino\lib\batik-svg-dom-1.8.jar;D:\Arduino\lib\batik-svgpp-1.8.jar;D:\Arduino\lib\batik-transcoder-1.8.jar;D:\Arduino\lib\batik-util-1.8.jar;D:\Arduino\lib\batik-xml-1.8.jar;D:\Arduino\lib\bcpg-jdk15on-152.jar;D:\Arduino\lib\bcprov-jdk15on-152.jar;D:\Arduino\lib\commons-codec-1.7.jar;D:\Arduino\lib\commons-compress-1.8.jar;D:\Arduino\lib\commons-exec-1.1.jar;D:\Arduino\lib\commons-httpclient-3.1.jar;D:\Arduino\lib\commons-lang3-3.3.2.jar;D:\Arduino\lib\commons-logging-1.0.4.jar;D:\Arduino\lib\commons-net-3.3.jar;D:\Arduino\lib\jackson-annotations-2.9.5.jar;D:\Arduino\lib\jackson-core-2.9.5.jar;D:\Arduino\lib\jackson-databind-2.9.5.jar;D:\Arduino\lib\jackson-module-mrbean-2.9.5.jar;D:\Arduino\lib\java-semver-0.8.0.jar;D:\Arduino\lib\jmdns-3.5.3.jar;D:\Arduino\lib\jtouchbar-1.0.0.jar;D:\Arduino\lib\slf4j-simple-1.7.22.jar;D:\Arduino\lib\slf4j-api-1.7.22.jar;D:\Arduino\lib\jna-4.2.2.jar;D:\Arduino\lib\jna-platform-4.2.2.jar;D:\Arduino\lib\jsch-0.1.50.jar;D:\Arduino\lib\jssc-2.8.0-arduino3.jar;D:\Arduino\lib\pde.jar;D:\Arduino\lib\rsyntaxtextarea-3.0.3-SNAPSHOT.jar;D:\Arduino\lib\xml-apis-1.3.04.jar;D:\Arduino\lib\xml-apis-ext-1.3.04.jar;D:\Arduino\lib\xmlgraphics-commons-2.0.jar
Launcher Type: SUN_STANDARD

Environment Variables:
PATH=D:\Program Files\Python36；D:\Program Files\Python36\Scripts;C:\Program Files\NVIDIA Corporation\NVIDIA NvDLISR;C:\User\system32;C:\Users\lenovo;C:\Program Files (x86)\Microsoft Visual Studio\Common\Tools\WinNT;C:\Program Files (x86)\Microsoft Visual Studio\Common\MSDev98\Bin;C:\Program Files (x86)\Microsoft Visual Studio\Common\Tools;C:\Program Files (x86)\Microsoft Visual Studio\VC98\bin;C:\Users\lenovo\AppData\Local\Microsoft\WindowsApps;D:\新建文件夹 (2)\win32;D:\modelsim\win64;D:\Modelsim\win64;D:\Microsoft VS Code\bin;D:\Program Files\JetBrains\PyCharm Community Edition 2020.3.2\bin;;D:\Program Files\Python36\Scripts;D:\Program Files\Python36;;D:\Arduino\java\bin
USERNAME=lenovo
OS=Windows_NT
PROCESSOR_IDENTIFIER=Intel64 Family 6 Model 142 Stepping 9, GenuineIntel



---------------  S Y S T E M  ---------------

OS: Windows 10.0 , 64 bit Build 18362 (10.0.18362.1350)

CPU:total 4 (initial active 4) (2 cores per cpu, 2 threads per core) family 6 model 142 stepping 9, cmov, cx8, fxsr, mmx, sse, sse2, sse3, ssse3, sse4.1, sse4.2, popcnt, avx, avx2, aes, clmul, erms, 3dnowpref, lzcnt, ht, tsc, tscinvbit, bmi1, bmi2, adx

Memory: 4k page, physical 12483576k(7977360k free), swap 13270008k(7660592k free)

vm_info: Java HotSpot(TM) Client VM (25.191-b12) for windows-x86 JRE (1.8.0_191-b12), built on Oct  6 2018 08:34:23 by "java_re" with MS VC++ 10.0 (VS2010)

time: Tue Mar 02 11:34:18 2021
elapsed time: 1499 seconds (0d 0h 24m 59s)

